<component name="ProjectRunConfigurationManager">
  <configuration default="false" name="test-util" type="js.build_tools.npm">
    <package-json value="$PROJECT_DIR$/package.json" />
    <command value="run" />
    <scripts>
      <script value="test" />
    </scripts>
    <arguments value="-- --testPathPattern 'util' --detectOpenHandles" />
    <node-interpreter value="project" />
    <envs />
    <method v="2" />
  </configuration>
</component>